<?xml version="1.0" encoding="UTF-8"?>
<!-- Generated by org.testng.reporters.JUnitReportReporter -->
<testsuite skipped="0" hostname="EXIHYD-IM-033" name="first.com.preparation.AppTest" tests="1" failures="0" timestamp="01 Aug 2019 05:18:06 GMT" time="0.007" errors="0">
  <testcase name="testApp" time="0.007" classname="first.com.preparation.AppTest"/>
</testsuite> <!-- first.com.preparation.AppTest -->
