<?xml version="1.0" encoding="UTF-8"?>
<!-- Generated by org.testng.reporters.JUnitReportReporter -->
<testsuite skipped="0" hostname="EXIHYD-IM-033" name="first.com.preparation.FirstScript" tests="1" failures="0" timestamp="01 Aug 2019 05:19:26 GMT" time="1.264" errors="0">
  <testcase name="main" time="1.264" classname="first.com.preparation.FirstScript"/>
</testsuite> <!-- first.com.preparation.FirstScript -->
